  PO Game Engine.cpp
D:\C++ Codes\Visual Studio\Engine\PO-Game-Engine\PO Game Engine\PO Game Engine.cpp(396,18): warning C4244: 'initializing': conversion from 'double' to 'float', possible loss of data
D:\C++ Codes\Visual Studio\Engine\PO-Game-Engine\PO Game Engine\PO Game Engine.cpp(413,18): warning C4244: 'initializing': conversion from 'double' to 'float', possible loss of data
D:\C++ Codes\Visual Studio\Engine\PO-Game-Engine\PO Game Engine\PO Game Engine.cpp(589,11): warning C4267: 'initializing': conversion from 'size_t' to 'int', possible loss of data
D:\C++ Codes\Visual Studio\Engine\PO-Game-Engine\PO Game Engine\PO Game Engine.cpp(598,32): warning C4267: 'return': conversion from 'size_t' to 'int', possible loss of data
D:\C++ Codes\Visual Studio\Engine\PO-Game-Engine\PO Game Engine\PO Game Engine.cpp(791,29): warning C4267: 'return': conversion from 'size_t' to 'int', possible loss of data
D:\C++ Codes\Visual Studio\Engine\PO-Game-Engine\PO Game Engine\PO Game Engine.cpp(1176,109): warning C4244: 'argument': conversion from 'T' to 'T', possible loss of data
D:\C++ Codes\Visual Studio\Engine\PO-Game-Engine\PO Game Engine\PO Game Engine.cpp(1176,109): warning C4244:         with
D:\C++ Codes\Visual Studio\Engine\PO-Game-Engine\PO Game Engine\PO Game Engine.cpp(1176,109): warning C4244:         [
D:\C++ Codes\Visual Studio\Engine\PO-Game-Engine\PO Game Engine\PO Game Engine.cpp(1176,109): warning C4244:             T=int
D:\C++ Codes\Visual Studio\Engine\PO-Game-Engine\PO Game Engine\PO Game Engine.cpp(1176,109): warning C4244:         ]
D:\C++ Codes\Visual Studio\Engine\PO-Game-Engine\PO Game Engine\PO Game Engine.cpp(1176,109): warning C4244:         and
D:\C++ Codes\Visual Studio\Engine\PO-Game-Engine\PO Game Engine\PO Game Engine.cpp(1176,109): warning C4244:         [
D:\C++ Codes\Visual Studio\Engine\PO-Game-Engine\PO Game Engine\PO Game Engine.cpp(1176,109): warning C4244:             T=float
D:\C++ Codes\Visual Studio\Engine\PO-Game-Engine\PO Game Engine\PO Game Engine.cpp(1176,109): warning C4244:         ]
D:\C++ Codes\Visual Studio\Engine\PO-Game-Engine\PO Game Engine\PO Game Engine.cpp(1176,72): warning C4244: 'argument': conversion from 'T' to 'T', possible loss of data
D:\C++ Codes\Visual Studio\Engine\PO-Game-Engine\PO Game Engine\PO Game Engine.cpp(1176,72): warning C4244:         with
D:\C++ Codes\Visual Studio\Engine\PO-Game-Engine\PO Game Engine\PO Game Engine.cpp(1176,72): warning C4244:         [
D:\C++ Codes\Visual Studio\Engine\PO-Game-Engine\PO Game Engine\PO Game Engine.cpp(1176,72): warning C4244:             T=int
D:\C++ Codes\Visual Studio\Engine\PO-Game-Engine\PO Game Engine\PO Game Engine.cpp(1176,72): warning C4244:         ]
D:\C++ Codes\Visual Studio\Engine\PO-Game-Engine\PO Game Engine\PO Game Engine.cpp(1176,72): warning C4244:         and
D:\C++ Codes\Visual Studio\Engine\PO-Game-Engine\PO Game Engine\PO Game Engine.cpp(1176,72): warning C4244:         [
D:\C++ Codes\Visual Studio\Engine\PO-Game-Engine\PO Game Engine\PO Game Engine.cpp(1176,72): warning C4244:             T=float
D:\C++ Codes\Visual Studio\Engine\PO-Game-Engine\PO Game Engine\PO Game Engine.cpp(1176,72): warning C4244:         ]
D:\C++ Codes\Visual Studio\Engine\PO-Game-Engine\PO Game Engine\PO Game Engine.cpp(1354,39): warning C4267: '=': conversion from 'size_t' to 'int', possible loss of data
D:\C++ Codes\Visual Studio\Engine\PO-Game-Engine\PO Game Engine\PO Game Engine.cpp(1375,39): warning C4267: '=': conversion from 'size_t' to 'int', possible loss of data
D:\C++ Codes\Visual Studio\Engine\PO-Game-Engine\PO Game Engine\PO Game Engine.cpp(1384,19): warning C4244: 'initializing': conversion from 'T' to 'int', possible loss of data
D:\C++ Codes\Visual Studio\Engine\PO-Game-Engine\PO Game Engine\PO Game Engine.cpp(1384,19): warning C4244:         with
D:\C++ Codes\Visual Studio\Engine\PO-Game-Engine\PO Game Engine\PO Game Engine.cpp(1384,19): warning C4244:         [
D:\C++ Codes\Visual Studio\Engine\PO-Game-Engine\PO Game Engine\PO Game Engine.cpp(1384,19): warning C4244:             T=float
D:\C++ Codes\Visual Studio\Engine\PO-Game-Engine\PO Game Engine\PO Game Engine.cpp(1384,19): warning C4244:         ]
D:\C++ Codes\Visual Studio\Engine\PO-Game-Engine\PO Game Engine\PO Game Engine.cpp(1388,39): warning C4267: '=': conversion from 'size_t' to 'int', possible loss of data
D:\C++ Codes\Visual Studio\Engine\PO-Game-Engine\PO Game Engine\PO Game Engine.cpp(1396,27): warning C4267: '=': conversion from 'size_t' to 'int', possible loss of data
D:\C++ Codes\Visual Studio\Engine\PO-Game-Engine\PO Game Engine\PO Game Engine.cpp(1438,109): warning C4244: 'argument': conversion from 'T' to 'T', possible loss of data
D:\C++ Codes\Visual Studio\Engine\PO-Game-Engine\PO Game Engine\PO Game Engine.cpp(1438,109): warning C4244:         with
D:\C++ Codes\Visual Studio\Engine\PO-Game-Engine\PO Game Engine\PO Game Engine.cpp(1438,109): warning C4244:         [
D:\C++ Codes\Visual Studio\Engine\PO-Game-Engine\PO Game Engine\PO Game Engine.cpp(1438,109): warning C4244:             T=int
D:\C++ Codes\Visual Studio\Engine\PO-Game-Engine\PO Game Engine\PO Game Engine.cpp(1438,109): warning C4244:         ]
D:\C++ Codes\Visual Studio\Engine\PO-Game-Engine\PO Game Engine\PO Game Engine.cpp(1438,109): warning C4244:         and
D:\C++ Codes\Visual Studio\Engine\PO-Game-Engine\PO Game Engine\PO Game Engine.cpp(1438,109): warning C4244:         [
D:\C++ Codes\Visual Studio\Engine\PO-Game-Engine\PO Game Engine\PO Game Engine.cpp(1438,109): warning C4244:             T=float
D:\C++ Codes\Visual Studio\Engine\PO-Game-Engine\PO Game Engine\PO Game Engine.cpp(1438,109): warning C4244:         ]
D:\C++ Codes\Visual Studio\Engine\PO-Game-Engine\PO Game Engine\PO Game Engine.cpp(1438,72): warning C4244: 'argument': conversion from 'T' to 'T', possible loss of data
D:\C++ Codes\Visual Studio\Engine\PO-Game-Engine\PO Game Engine\PO Game Engine.cpp(1438,72): warning C4244:         with
D:\C++ Codes\Visual Studio\Engine\PO-Game-Engine\PO Game Engine\PO Game Engine.cpp(1438,72): warning C4244:         [
D:\C++ Codes\Visual Studio\Engine\PO-Game-Engine\PO Game Engine\PO Game Engine.cpp(1438,72): warning C4244:             T=int
D:\C++ Codes\Visual Studio\Engine\PO-Game-Engine\PO Game Engine\PO Game Engine.cpp(1438,72): warning C4244:         ]
D:\C++ Codes\Visual Studio\Engine\PO-Game-Engine\PO Game Engine\PO Game Engine.cpp(1438,72): warning C4244:         and
D:\C++ Codes\Visual Studio\Engine\PO-Game-Engine\PO Game Engine\PO Game Engine.cpp(1438,72): warning C4244:         [
D:\C++ Codes\Visual Studio\Engine\PO-Game-Engine\PO Game Engine\PO Game Engine.cpp(1438,72): warning C4244:             T=float
D:\C++ Codes\Visual Studio\Engine\PO-Game-Engine\PO Game Engine\PO Game Engine.cpp(1438,72): warning C4244:         ]
D:\C++ Codes\Visual Studio\Engine\PO-Game-Engine\PO Game Engine\PO Game Engine.cpp(1571,85): warning C4244: 'argument': conversion from 'int' to 'T', possible loss of data
D:\C++ Codes\Visual Studio\Engine\PO-Game-Engine\PO Game Engine\PO Game Engine.cpp(1571,85): warning C4244:         with
D:\C++ Codes\Visual Studio\Engine\PO-Game-Engine\PO Game Engine\PO Game Engine.cpp(1571,85): warning C4244:         [
D:\C++ Codes\Visual Studio\Engine\PO-Game-Engine\PO Game Engine\PO Game Engine.cpp(1571,85): warning C4244:             T=float
D:\C++ Codes\Visual Studio\Engine\PO-Game-Engine\PO Game Engine\PO Game Engine.cpp(1571,85): warning C4244:         ]
D:\C++ Codes\Visual Studio\Engine\PO-Game-Engine\PO Game Engine\PO Game Engine.cpp(1571,64): warning C4244: 'argument': conversion from 'int' to 'T', possible loss of data
D:\C++ Codes\Visual Studio\Engine\PO-Game-Engine\PO Game Engine\PO Game Engine.cpp(1571,64): warning C4244:         with
D:\C++ Codes\Visual Studio\Engine\PO-Game-Engine\PO Game Engine\PO Game Engine.cpp(1571,64): warning C4244:         [
D:\C++ Codes\Visual Studio\Engine\PO-Game-Engine\PO Game Engine\PO Game Engine.cpp(1571,64): warning C4244:             T=float
D:\C++ Codes\Visual Studio\Engine\PO-Game-Engine\PO Game Engine\PO Game Engine.cpp(1571,64): warning C4244:         ]
D:\C++ Codes\Visual Studio\Engine\PO-Game-Engine\PO Game Engine\PO Game Engine.cpp(1577,85): warning C4244: 'argument': conversion from 'int' to 'T', possible loss of data
D:\C++ Codes\Visual Studio\Engine\PO-Game-Engine\PO Game Engine\PO Game Engine.cpp(1577,85): warning C4244:         with
D:\C++ Codes\Visual Studio\Engine\PO-Game-Engine\PO Game Engine\PO Game Engine.cpp(1577,85): warning C4244:         [
D:\C++ Codes\Visual Studio\Engine\PO-Game-Engine\PO Game Engine\PO Game Engine.cpp(1577,85): warning C4244:             T=float
D:\C++ Codes\Visual Studio\Engine\PO-Game-Engine\PO Game Engine\PO Game Engine.cpp(1577,85): warning C4244:         ]
D:\C++ Codes\Visual Studio\Engine\PO-Game-Engine\PO Game Engine\PO Game Engine.cpp(1577,64): warning C4244: 'argument': conversion from 'int' to 'T', possible loss of data
D:\C++ Codes\Visual Studio\Engine\PO-Game-Engine\PO Game Engine\PO Game Engine.cpp(1577,64): warning C4244:         with
D:\C++ Codes\Visual Studio\Engine\PO-Game-Engine\PO Game Engine\PO Game Engine.cpp(1577,64): warning C4244:         [
D:\C++ Codes\Visual Studio\Engine\PO-Game-Engine\PO Game Engine\PO Game Engine.cpp(1577,64): warning C4244:             T=float
D:\C++ Codes\Visual Studio\Engine\PO-Game-Engine\PO Game Engine\PO Game Engine.cpp(1577,64): warning C4244:         ]
D:\C++ Codes\Visual Studio\Engine\PO-Game-Engine\PO Game Engine\PO Game Engine.cpp(1586,81): warning C4244: 'argument': conversion from 'int' to 'T', possible loss of data
D:\C++ Codes\Visual Studio\Engine\PO-Game-Engine\PO Game Engine\PO Game Engine.cpp(1586,81): warning C4244:         with
D:\C++ Codes\Visual Studio\Engine\PO-Game-Engine\PO Game Engine\PO Game Engine.cpp(1586,81): warning C4244:         [
D:\C++ Codes\Visual Studio\Engine\PO-Game-Engine\PO Game Engine\PO Game Engine.cpp(1586,81): warning C4244:             T=float
D:\C++ Codes\Visual Studio\Engine\PO-Game-Engine\PO Game Engine\PO Game Engine.cpp(1586,81): warning C4244:         ]
D:\C++ Codes\Visual Studio\Engine\PO-Game-Engine\PO Game Engine\PO Game Engine.cpp(1586,62): warning C4244: 'argument': conversion from 'int' to 'T', possible loss of data
D:\C++ Codes\Visual Studio\Engine\PO-Game-Engine\PO Game Engine\PO Game Engine.cpp(1586,62): warning C4244:         with
D:\C++ Codes\Visual Studio\Engine\PO-Game-Engine\PO Game Engine\PO Game Engine.cpp(1586,62): warning C4244:         [
D:\C++ Codes\Visual Studio\Engine\PO-Game-Engine\PO Game Engine\PO Game Engine.cpp(1586,62): warning C4244:             T=float
D:\C++ Codes\Visual Studio\Engine\PO-Game-Engine\PO Game Engine\PO Game Engine.cpp(1586,62): warning C4244:         ]
D:\C++ Codes\Visual Studio\Engine\PO-Game-Engine\PO Game Engine\PO Game Engine.cpp(1786,19): warning C4267: 'return': conversion from 'size_t' to 'int', possible loss of data
D:\C++ Codes\Visual Studio\Engine\PO-Game-Engine\PO Game Engine\PO Game Engine.cpp(1855,104): warning C4244: 'argument': conversion from 'T' to 'T', possible loss of data
D:\C++ Codes\Visual Studio\Engine\PO-Game-Engine\PO Game Engine\PO Game Engine.cpp(1855,104): warning C4244:         with
D:\C++ Codes\Visual Studio\Engine\PO-Game-Engine\PO Game Engine\PO Game Engine.cpp(1855,104): warning C4244:         [
D:\C++ Codes\Visual Studio\Engine\PO-Game-Engine\PO Game Engine\PO Game Engine.cpp(1855,104): warning C4244:             T=int
D:\C++ Codes\Visual Studio\Engine\PO-Game-Engine\PO Game Engine\PO Game Engine.cpp(1855,104): warning C4244:         ]
D:\C++ Codes\Visual Studio\Engine\PO-Game-Engine\PO Game Engine\PO Game Engine.cpp(1855,104): warning C4244:         and
D:\C++ Codes\Visual Studio\Engine\PO-Game-Engine\PO Game Engine\PO Game Engine.cpp(1855,104): warning C4244:         [
D:\C++ Codes\Visual Studio\Engine\PO-Game-Engine\PO Game Engine\PO Game Engine.cpp(1855,104): warning C4244:             T=float
D:\C++ Codes\Visual Studio\Engine\PO-Game-Engine\PO Game Engine\PO Game Engine.cpp(1855,104): warning C4244:         ]
D:\C++ Codes\Visual Studio\Engine\PO-Game-Engine\PO Game Engine\PO Game Engine.cpp(1855,67): warning C4244: 'argument': conversion from 'T' to 'T', possible loss of data
D:\C++ Codes\Visual Studio\Engine\PO-Game-Engine\PO Game Engine\PO Game Engine.cpp(1855,67): warning C4244:         with
D:\C++ Codes\Visual Studio\Engine\PO-Game-Engine\PO Game Engine\PO Game Engine.cpp(1855,67): warning C4244:         [
D:\C++ Codes\Visual Studio\Engine\PO-Game-Engine\PO Game Engine\PO Game Engine.cpp(1855,67): warning C4244:             T=int
D:\C++ Codes\Visual Studio\Engine\PO-Game-Engine\PO Game Engine\PO Game Engine.cpp(1855,67): warning C4244:         ]
D:\C++ Codes\Visual Studio\Engine\PO-Game-Engine\PO Game Engine\PO Game Engine.cpp(1855,67): warning C4244:         and
D:\C++ Codes\Visual Studio\Engine\PO-Game-Engine\PO Game Engine\PO Game Engine.cpp(1855,67): warning C4244:         [
D:\C++ Codes\Visual Studio\Engine\PO-Game-Engine\PO Game Engine\PO Game Engine.cpp(1855,67): warning C4244:             T=float
D:\C++ Codes\Visual Studio\Engine\PO-Game-Engine\PO Game Engine\PO Game Engine.cpp(1855,67): warning C4244:         ]
D:\C++ Codes\Visual Studio\Engine\PO-Game-Engine\PO Game Engine\PO Game Engine.cpp(1977,101): warning C4244: 'argument': conversion from 'T' to 'T', possible loss of data
D:\C++ Codes\Visual Studio\Engine\PO-Game-Engine\PO Game Engine\PO Game Engine.cpp(1977,101): warning C4244:         with
D:\C++ Codes\Visual Studio\Engine\PO-Game-Engine\PO Game Engine\PO Game Engine.cpp(1977,101): warning C4244:         [
D:\C++ Codes\Visual Studio\Engine\PO-Game-Engine\PO Game Engine\PO Game Engine.cpp(1977,101): warning C4244:             T=int
D:\C++ Codes\Visual Studio\Engine\PO-Game-Engine\PO Game Engine\PO Game Engine.cpp(1977,101): warning C4244:         ]
D:\C++ Codes\Visual Studio\Engine\PO-Game-Engine\PO Game Engine\PO Game Engine.cpp(1977,101): warning C4244:         and
D:\C++ Codes\Visual Studio\Engine\PO-Game-Engine\PO Game Engine\PO Game Engine.cpp(1977,101): warning C4244:         [
D:\C++ Codes\Visual Studio\Engine\PO-Game-Engine\PO Game Engine\PO Game Engine.cpp(1977,101): warning C4244:             T=float
D:\C++ Codes\Visual Studio\Engine\PO-Game-Engine\PO Game Engine\PO Game Engine.cpp(1977,101): warning C4244:         ]
D:\C++ Codes\Visual Studio\Engine\PO-Game-Engine\PO Game Engine\PO Game Engine.cpp(1977,64): warning C4244: 'argument': conversion from 'T' to 'T', possible loss of data
D:\C++ Codes\Visual Studio\Engine\PO-Game-Engine\PO Game Engine\PO Game Engine.cpp(1977,64): warning C4244:         with
D:\C++ Codes\Visual Studio\Engine\PO-Game-Engine\PO Game Engine\PO Game Engine.cpp(1977,64): warning C4244:         [
D:\C++ Codes\Visual Studio\Engine\PO-Game-Engine\PO Game Engine\PO Game Engine.cpp(1977,64): warning C4244:             T=int
D:\C++ Codes\Visual Studio\Engine\PO-Game-Engine\PO Game Engine\PO Game Engine.cpp(1977,64): warning C4244:         ]
D:\C++ Codes\Visual Studio\Engine\PO-Game-Engine\PO Game Engine\PO Game Engine.cpp(1977,64): warning C4244:         and
D:\C++ Codes\Visual Studio\Engine\PO-Game-Engine\PO Game Engine\PO Game Engine.cpp(1977,64): warning C4244:         [
D:\C++ Codes\Visual Studio\Engine\PO-Game-Engine\PO Game Engine\PO Game Engine.cpp(1977,64): warning C4244:             T=float
D:\C++ Codes\Visual Studio\Engine\PO-Game-Engine\PO Game Engine\PO Game Engine.cpp(1977,64): warning C4244:         ]
D:\C++ Codes\Visual Studio\Engine\PO-Game-Engine\PO Game Engine\PO Game Engine.cpp(2156,112): warning C4244: 'argument': conversion from 'T' to 'T', possible loss of data
D:\C++ Codes\Visual Studio\Engine\PO-Game-Engine\PO Game Engine\PO Game Engine.cpp(2156,112): warning C4244:         with
D:\C++ Codes\Visual Studio\Engine\PO-Game-Engine\PO Game Engine\PO Game Engine.cpp(2156,112): warning C4244:         [
D:\C++ Codes\Visual Studio\Engine\PO-Game-Engine\PO Game Engine\PO Game Engine.cpp(2156,112): warning C4244:             T=unsigned int
D:\C++ Codes\Visual Studio\Engine\PO-Game-Engine\PO Game Engine\PO Game Engine.cpp(2156,112): warning C4244:         ]
D:\C++ Codes\Visual Studio\Engine\PO-Game-Engine\PO Game Engine\PO Game Engine.cpp(2156,112): warning C4244:         and
D:\C++ Codes\Visual Studio\Engine\PO-Game-Engine\PO Game Engine\PO Game Engine.cpp(2156,112): warning C4244:         [
D:\C++ Codes\Visual Studio\Engine\PO-Game-Engine\PO Game Engine\PO Game Engine.cpp(2156,112): warning C4244:             T=float
D:\C++ Codes\Visual Studio\Engine\PO-Game-Engine\PO Game Engine\PO Game Engine.cpp(2156,112): warning C4244:         ]
D:\C++ Codes\Visual Studio\Engine\PO-Game-Engine\PO Game Engine\PO Game Engine.cpp(2157,137): warning C4244: 'argument': conversion from 'T' to 'T', possible loss of data
D:\C++ Codes\Visual Studio\Engine\PO-Game-Engine\PO Game Engine\PO Game Engine.cpp(2157,137): warning C4244:         with
D:\C++ Codes\Visual Studio\Engine\PO-Game-Engine\PO Game Engine\PO Game Engine.cpp(2157,137): warning C4244:         [
D:\C++ Codes\Visual Studio\Engine\PO-Game-Engine\PO Game Engine\PO Game Engine.cpp(2157,137): warning C4244:             T=unsigned int
D:\C++ Codes\Visual Studio\Engine\PO-Game-Engine\PO Game Engine\PO Game Engine.cpp(2157,137): warning C4244:         ]
D:\C++ Codes\Visual Studio\Engine\PO-Game-Engine\PO Game Engine\PO Game Engine.cpp(2157,137): warning C4244:         and
D:\C++ Codes\Visual Studio\Engine\PO-Game-Engine\PO Game Engine\PO Game Engine.cpp(2157,137): warning C4244:         [
D:\C++ Codes\Visual Studio\Engine\PO-Game-Engine\PO Game Engine\PO Game Engine.cpp(2157,137): warning C4244:             T=float
D:\C++ Codes\Visual Studio\Engine\PO-Game-Engine\PO Game Engine\PO Game Engine.cpp(2157,137): warning C4244:         ]
  Generating code
  5 of 707 functions ( 0.7%) were compiled, the rest were copied from previous compilation.
    0 functions were new in current compilation
    9 functions had inline decision re-evaluated but remain unchanged
  Finished generating code
  PO Game Engine.vcxproj -> D:\C++ Codes\Visual Studio\Engine\PO-Game-Engine\x64\Release\PO Game Engine.exe
