  FollowMouseScript.cpp
D:\C++ Codes\Visual Studio\Engine\PO-Game-Engine\PO Game Engine\FollowMouseScript.cpp(25,116): warning C4244: 'argument': conversion from 'T' to 'T', possible loss of data
D:\C++ Codes\Visual Studio\Engine\PO-Game-Engine\PO Game Engine\FollowMouseScript.cpp(25,116): warning C4244:         with
D:\C++ Codes\Visual Studio\Engine\PO-Game-Engine\PO Game Engine\FollowMouseScript.cpp(25,116): warning C4244:         [
D:\C++ Codes\Visual Studio\Engine\PO-Game-Engine\PO Game Engine\FollowMouseScript.cpp(25,116): warning C4244:             T=int
D:\C++ Codes\Visual Studio\Engine\PO-Game-Engine\PO Game Engine\FollowMouseScript.cpp(25,116): warning C4244:         ]
D:\C++ Codes\Visual Studio\Engine\PO-Game-Engine\PO Game Engine\FollowMouseScript.cpp(25,116): warning C4244:         and
D:\C++ Codes\Visual Studio\Engine\PO-Game-Engine\PO Game Engine\FollowMouseScript.cpp(25,116): warning C4244:         [
D:\C++ Codes\Visual Studio\Engine\PO-Game-Engine\PO Game Engine\FollowMouseScript.cpp(25,116): warning C4244:             T=float
D:\C++ Codes\Visual Studio\Engine\PO-Game-Engine\PO Game Engine\FollowMouseScript.cpp(25,116): warning C4244:         ]
D:\C++ Codes\Visual Studio\Engine\PO-Game-Engine\PO Game Engine\FollowMouseScript.cpp(25,74): warning C4244: 'argument': conversion from 'T' to 'T', possible loss of data
D:\C++ Codes\Visual Studio\Engine\PO-Game-Engine\PO Game Engine\FollowMouseScript.cpp(25,74): warning C4244:         with
D:\C++ Codes\Visual Studio\Engine\PO-Game-Engine\PO Game Engine\FollowMouseScript.cpp(25,74): warning C4244:         [
D:\C++ Codes\Visual Studio\Engine\PO-Game-Engine\PO Game Engine\FollowMouseScript.cpp(25,74): warning C4244:             T=int
D:\C++ Codes\Visual Studio\Engine\PO-Game-Engine\PO Game Engine\FollowMouseScript.cpp(25,74): warning C4244:         ]
D:\C++ Codes\Visual Studio\Engine\PO-Game-Engine\PO Game Engine\FollowMouseScript.cpp(25,74): warning C4244:         and
D:\C++ Codes\Visual Studio\Engine\PO-Game-Engine\PO Game Engine\FollowMouseScript.cpp(25,74): warning C4244:         [
D:\C++ Codes\Visual Studio\Engine\PO-Game-Engine\PO Game Engine\FollowMouseScript.cpp(25,74): warning C4244:             T=float
D:\C++ Codes\Visual Studio\Engine\PO-Game-Engine\PO Game Engine\FollowMouseScript.cpp(25,74): warning C4244:         ]
D:\C++ Codes\Visual Studio\Engine\PO-Game-Engine\PO Game Engine\FollowMouseScript.cpp(26,93): warning C4244: 'argument': conversion from 'T' to 'T', possible loss of data
D:\C++ Codes\Visual Studio\Engine\PO-Game-Engine\PO Game Engine\FollowMouseScript.cpp(26,93): warning C4244:         with
D:\C++ Codes\Visual Studio\Engine\PO-Game-Engine\PO Game Engine\FollowMouseScript.cpp(26,93): warning C4244:         [
D:\C++ Codes\Visual Studio\Engine\PO-Game-Engine\PO Game Engine\FollowMouseScript.cpp(26,93): warning C4244:             T=float
D:\C++ Codes\Visual Studio\Engine\PO-Game-Engine\PO Game Engine\FollowMouseScript.cpp(26,93): warning C4244:         ]
D:\C++ Codes\Visual Studio\Engine\PO-Game-Engine\PO Game Engine\FollowMouseScript.cpp(26,93): warning C4244:         and
D:\C++ Codes\Visual Studio\Engine\PO-Game-Engine\PO Game Engine\FollowMouseScript.cpp(26,93): warning C4244:         [
D:\C++ Codes\Visual Studio\Engine\PO-Game-Engine\PO Game Engine\FollowMouseScript.cpp(26,93): warning C4244:             T=int
D:\C++ Codes\Visual Studio\Engine\PO-Game-Engine\PO Game Engine\FollowMouseScript.cpp(26,93): warning C4244:         ]
D:\C++ Codes\Visual Studio\Engine\PO-Game-Engine\PO Game Engine\FollowMouseScript.cpp(26,76): warning C4244: 'argument': conversion from 'T' to 'T', possible loss of data
D:\C++ Codes\Visual Studio\Engine\PO-Game-Engine\PO Game Engine\FollowMouseScript.cpp(26,76): warning C4244:         with
D:\C++ Codes\Visual Studio\Engine\PO-Game-Engine\PO Game Engine\FollowMouseScript.cpp(26,76): warning C4244:         [
D:\C++ Codes\Visual Studio\Engine\PO-Game-Engine\PO Game Engine\FollowMouseScript.cpp(26,76): warning C4244:             T=float
D:\C++ Codes\Visual Studio\Engine\PO-Game-Engine\PO Game Engine\FollowMouseScript.cpp(26,76): warning C4244:         ]
D:\C++ Codes\Visual Studio\Engine\PO-Game-Engine\PO Game Engine\FollowMouseScript.cpp(26,76): warning C4244:         and
D:\C++ Codes\Visual Studio\Engine\PO-Game-Engine\PO Game Engine\FollowMouseScript.cpp(26,76): warning C4244:         [
D:\C++ Codes\Visual Studio\Engine\PO-Game-Engine\PO Game Engine\FollowMouseScript.cpp(26,76): warning C4244:             T=int
D:\C++ Codes\Visual Studio\Engine\PO-Game-Engine\PO Game Engine\FollowMouseScript.cpp(26,76): warning C4244:         ]
  Game.cpp
  GameFilesWindow.cpp
D:\C++ Codes\Visual Studio\Engine\PO-Game-Engine\PO Game Engine\GameFilesWindow.cpp(123,24): warning C4244: 'initializing': conversion from 'T' to 'int', possible loss of data
D:\C++ Codes\Visual Studio\Engine\PO-Game-Engine\PO Game Engine\GameFilesWindow.cpp(123,24): warning C4244:         with
D:\C++ Codes\Visual Studio\Engine\PO-Game-Engine\PO Game Engine\GameFilesWindow.cpp(123,24): warning C4244:         [
D:\C++ Codes\Visual Studio\Engine\PO-Game-Engine\PO Game Engine\GameFilesWindow.cpp(123,24): warning C4244:             T=float
D:\C++ Codes\Visual Studio\Engine\PO-Game-Engine\PO Game Engine\GameFilesWindow.cpp(123,24): warning C4244:         ]
D:\C++ Codes\Visual Studio\Engine\PO-Game-Engine\PO Game Engine\GameFilesWindow.cpp(195,119): warning C4244: 'argument': conversion from 'int' to 'T', possible loss of data
D:\C++ Codes\Visual Studio\Engine\PO-Game-Engine\PO Game Engine\GameFilesWindow.cpp(195,119): warning C4244:         with
D:\C++ Codes\Visual Studio\Engine\PO-Game-Engine\PO Game Engine\GameFilesWindow.cpp(195,119): warning C4244:         [
D:\C++ Codes\Visual Studio\Engine\PO-Game-Engine\PO Game Engine\GameFilesWindow.cpp(195,119): warning C4244:             T=float
D:\C++ Codes\Visual Studio\Engine\PO-Game-Engine\PO Game Engine\GameFilesWindow.cpp(195,119): warning C4244:         ]
D:\C++ Codes\Visual Studio\Engine\PO-Game-Engine\PO Game Engine\GameFilesWindow.cpp(195,98): warning C4244: 'argument': conversion from 'int' to 'T', possible loss of data
D:\C++ Codes\Visual Studio\Engine\PO-Game-Engine\PO Game Engine\GameFilesWindow.cpp(195,98): warning C4244:         with
D:\C++ Codes\Visual Studio\Engine\PO-Game-Engine\PO Game Engine\GameFilesWindow.cpp(195,98): warning C4244:         [
D:\C++ Codes\Visual Studio\Engine\PO-Game-Engine\PO Game Engine\GameFilesWindow.cpp(195,98): warning C4244:             T=float
D:\C++ Codes\Visual Studio\Engine\PO-Game-Engine\PO Game Engine\GameFilesWindow.cpp(195,98): warning C4244:         ]
D:\C++ Codes\Visual Studio\Engine\PO-Game-Engine\PO Game Engine\GameFilesWindow.cpp(209,104): warning C4244: 'argument': conversion from 'int' to 'T', possible loss of data
D:\C++ Codes\Visual Studio\Engine\PO-Game-Engine\PO Game Engine\GameFilesWindow.cpp(209,104): warning C4244:         with
D:\C++ Codes\Visual Studio\Engine\PO-Game-Engine\PO Game Engine\GameFilesWindow.cpp(209,104): warning C4244:         [
D:\C++ Codes\Visual Studio\Engine\PO-Game-Engine\PO Game Engine\GameFilesWindow.cpp(209,104): warning C4244:             T=float
D:\C++ Codes\Visual Studio\Engine\PO-Game-Engine\PO Game Engine\GameFilesWindow.cpp(209,104): warning C4244:         ]
D:\C++ Codes\Visual Studio\Engine\PO-Game-Engine\PO Game Engine\GameFilesWindow.cpp(209,83): warning C4244: 'argument': conversion from 'int' to 'T', possible loss of data
D:\C++ Codes\Visual Studio\Engine\PO-Game-Engine\PO Game Engine\GameFilesWindow.cpp(209,83): warning C4244:         with
D:\C++ Codes\Visual Studio\Engine\PO-Game-Engine\PO Game Engine\GameFilesWindow.cpp(209,83): warning C4244:         [
D:\C++ Codes\Visual Studio\Engine\PO-Game-Engine\PO Game Engine\GameFilesWindow.cpp(209,83): warning C4244:             T=float
D:\C++ Codes\Visual Studio\Engine\PO-Game-Engine\PO Game Engine\GameFilesWindow.cpp(209,83): warning C4244:         ]
D:\C++ Codes\Visual Studio\Engine\PO-Game-Engine\PO Game Engine\GameFilesWindow.cpp(209,195): warning C4244: 'argument': conversion from 'int' to 'T', possible loss of data
D:\C++ Codes\Visual Studio\Engine\PO-Game-Engine\PO Game Engine\GameFilesWindow.cpp(209,195): warning C4244:         with
D:\C++ Codes\Visual Studio\Engine\PO-Game-Engine\PO Game Engine\GameFilesWindow.cpp(209,195): warning C4244:         [
D:\C++ Codes\Visual Studio\Engine\PO-Game-Engine\PO Game Engine\GameFilesWindow.cpp(209,195): warning C4244:             T=float
D:\C++ Codes\Visual Studio\Engine\PO-Game-Engine\PO Game Engine\GameFilesWindow.cpp(209,195): warning C4244:         ]
D:\C++ Codes\Visual Studio\Engine\PO-Game-Engine\PO Game Engine\GameFilesWindow.cpp(209,174): warning C4244: 'argument': conversion from 'int' to 'T', possible loss of data
D:\C++ Codes\Visual Studio\Engine\PO-Game-Engine\PO Game Engine\GameFilesWindow.cpp(209,174): warning C4244:         with
D:\C++ Codes\Visual Studio\Engine\PO-Game-Engine\PO Game Engine\GameFilesWindow.cpp(209,174): warning C4244:         [
D:\C++ Codes\Visual Studio\Engine\PO-Game-Engine\PO Game Engine\GameFilesWindow.cpp(209,174): warning C4244:             T=float
D:\C++ Codes\Visual Studio\Engine\PO-Game-Engine\PO Game Engine\GameFilesWindow.cpp(209,174): warning C4244:         ]
D:\C++ Codes\Visual Studio\Engine\PO-Game-Engine\PO Game Engine\GameFilesWindow.cpp(263,85): warning C4244: 'argument': conversion from 'int' to 'T', possible loss of data
D:\C++ Codes\Visual Studio\Engine\PO-Game-Engine\PO Game Engine\GameFilesWindow.cpp(263,85): warning C4244:         with
D:\C++ Codes\Visual Studio\Engine\PO-Game-Engine\PO Game Engine\GameFilesWindow.cpp(263,85): warning C4244:         [
D:\C++ Codes\Visual Studio\Engine\PO-Game-Engine\PO Game Engine\GameFilesWindow.cpp(263,85): warning C4244:             T=float
D:\C++ Codes\Visual Studio\Engine\PO-Game-Engine\PO Game Engine\GameFilesWindow.cpp(263,85): warning C4244:         ]
D:\C++ Codes\Visual Studio\Engine\PO-Game-Engine\PO Game Engine\GameFilesWindow.cpp(263,64): warning C4244: 'argument': conversion from 'int' to 'T', possible loss of data
D:\C++ Codes\Visual Studio\Engine\PO-Game-Engine\PO Game Engine\GameFilesWindow.cpp(263,64): warning C4244:         with
D:\C++ Codes\Visual Studio\Engine\PO-Game-Engine\PO Game Engine\GameFilesWindow.cpp(263,64): warning C4244:         [
D:\C++ Codes\Visual Studio\Engine\PO-Game-Engine\PO Game Engine\GameFilesWindow.cpp(263,64): warning C4244:             T=float
D:\C++ Codes\Visual Studio\Engine\PO-Game-Engine\PO Game Engine\GameFilesWindow.cpp(263,64): warning C4244:         ]
D:\C++ Codes\Visual Studio\Engine\PO-Game-Engine\PO Game Engine\GameFilesWindow.cpp(274,108): warning C4244: 'argument': conversion from 'int' to 'T', possible loss of data
D:\C++ Codes\Visual Studio\Engine\PO-Game-Engine\PO Game Engine\GameFilesWindow.cpp(274,108): warning C4244:         with
D:\C++ Codes\Visual Studio\Engine\PO-Game-Engine\PO Game Engine\GameFilesWindow.cpp(274,108): warning C4244:         [
D:\C++ Codes\Visual Studio\Engine\PO-Game-Engine\PO Game Engine\GameFilesWindow.cpp(274,108): warning C4244:             T=float
D:\C++ Codes\Visual Studio\Engine\PO-Game-Engine\PO Game Engine\GameFilesWindow.cpp(274,108): warning C4244:         ]
D:\C++ Codes\Visual Studio\Engine\PO-Game-Engine\PO Game Engine\GameFilesWindow.cpp(274,87): warning C4244: 'argument': conversion from 'int' to 'T', possible loss of data
D:\C++ Codes\Visual Studio\Engine\PO-Game-Engine\PO Game Engine\GameFilesWindow.cpp(274,87): warning C4244:         with
D:\C++ Codes\Visual Studio\Engine\PO-Game-Engine\PO Game Engine\GameFilesWindow.cpp(274,87): warning C4244:         [
D:\C++ Codes\Visual Studio\Engine\PO-Game-Engine\PO Game Engine\GameFilesWindow.cpp(274,87): warning C4244:             T=float
D:\C++ Codes\Visual Studio\Engine\PO-Game-Engine\PO Game Engine\GameFilesWindow.cpp(274,87): warning C4244:         ]
D:\C++ Codes\Visual Studio\Engine\PO-Game-Engine\PO Game Engine\GameFilesWindow.cpp(326,115): warning C4244: 'argument': conversion from 'T' to 'T', possible loss of data
D:\C++ Codes\Visual Studio\Engine\PO-Game-Engine\PO Game Engine\GameFilesWindow.cpp(326,115): warning C4244:         with
D:\C++ Codes\Visual Studio\Engine\PO-Game-Engine\PO Game Engine\GameFilesWindow.cpp(326,115): warning C4244:         [
D:\C++ Codes\Visual Studio\Engine\PO-Game-Engine\PO Game Engine\GameFilesWindow.cpp(326,115): warning C4244:             T=int
D:\C++ Codes\Visual Studio\Engine\PO-Game-Engine\PO Game Engine\GameFilesWindow.cpp(326,115): warning C4244:         ]
D:\C++ Codes\Visual Studio\Engine\PO-Game-Engine\PO Game Engine\GameFilesWindow.cpp(326,115): warning C4244:         and
D:\C++ Codes\Visual Studio\Engine\PO-Game-Engine\PO Game Engine\GameFilesWindow.cpp(326,115): warning C4244:         [
D:\C++ Codes\Visual Studio\Engine\PO-Game-Engine\PO Game Engine\GameFilesWindow.cpp(326,115): warning C4244:             T=float
D:\C++ Codes\Visual Studio\Engine\PO-Game-Engine\PO Game Engine\GameFilesWindow.cpp(326,115): warning C4244:         ]
D:\C++ Codes\Visual Studio\Engine\PO-Game-Engine\PO Game Engine\GameFilesWindow.cpp(326,73): warning C4244: 'argument': conversion from 'T' to 'T', possible loss of data
D:\C++ Codes\Visual Studio\Engine\PO-Game-Engine\PO Game Engine\GameFilesWindow.cpp(326,73): warning C4244:         with
D:\C++ Codes\Visual Studio\Engine\PO-Game-Engine\PO Game Engine\GameFilesWindow.cpp(326,73): warning C4244:         [
D:\C++ Codes\Visual Studio\Engine\PO-Game-Engine\PO Game Engine\GameFilesWindow.cpp(326,73): warning C4244:             T=int
D:\C++ Codes\Visual Studio\Engine\PO-Game-Engine\PO Game Engine\GameFilesWindow.cpp(326,73): warning C4244:         ]
D:\C++ Codes\Visual Studio\Engine\PO-Game-Engine\PO Game Engine\GameFilesWindow.cpp(326,73): warning C4244:         and
D:\C++ Codes\Visual Studio\Engine\PO-Game-Engine\PO Game Engine\GameFilesWindow.cpp(326,73): warning C4244:         [
D:\C++ Codes\Visual Studio\Engine\PO-Game-Engine\PO Game Engine\GameFilesWindow.cpp(326,73): warning C4244:             T=float
D:\C++ Codes\Visual Studio\Engine\PO-Game-Engine\PO Game Engine\GameFilesWindow.cpp(326,73): warning C4244:         ]
  GameObject.cpp
D:\C++ Codes\Visual Studio\Engine\PO-Game-Engine\PO Game Engine\GameObject.cpp(199,11): warning C4267: 'initializing': conversion from 'size_t' to 'int', possible loss of data
D:\C++ Codes\Visual Studio\Engine\PO-Game-Engine\PO Game Engine\GameObject.cpp(208,32): warning C4267: 'return': conversion from 'size_t' to 'int', possible loss of data
  GameTime.cpp
  HoleyCastleMainScript.cpp
D:\C++ Codes\Visual Studio\Engine\PO-Game-Engine\PO Game Engine\HoleyCastleMainScript.cpp(30,75): warning C4267: '=': conversion from 'size_t' to 'int', possible loss of data
D:\C++ Codes\Visual Studio\Engine\PO-Game-Engine\PO Game Engine\HoleyCastleMainScript.cpp(65,103): warning C4244: 'argument': conversion from 'int' to 'float', possible loss of data
D:\C++ Codes\Visual Studio\Engine\PO-Game-Engine\PO Game Engine\HoleyCastleMainScript.cpp(107,48): warning C4244: '-=': conversion from '_Ty' to 'int', possible loss of data
D:\C++ Codes\Visual Studio\Engine\PO-Game-Engine\PO Game Engine\HoleyCastleMainScript.cpp(107,48): warning C4244:         with
D:\C++ Codes\Visual Studio\Engine\PO-Game-Engine\PO Game Engine\HoleyCastleMainScript.cpp(107,48): warning C4244:         [
D:\C++ Codes\Visual Studio\Engine\PO-Game-Engine\PO Game Engine\HoleyCastleMainScript.cpp(107,48): warning C4244:             _Ty=float
D:\C++ Codes\Visual Studio\Engine\PO-Game-Engine\PO Game Engine\HoleyCastleMainScript.cpp(107,48): warning C4244:         ]
D:\C++ Codes\Visual Studio\Engine\PO-Game-Engine\PO Game Engine\HoleyCastleMainScript.cpp(116,44): warning C4244: '-=': conversion from '_Ty' to 'int', possible loss of data
D:\C++ Codes\Visual Studio\Engine\PO-Game-Engine\PO Game Engine\HoleyCastleMainScript.cpp(116,44): warning C4244:         with
D:\C++ Codes\Visual Studio\Engine\PO-Game-Engine\PO Game Engine\HoleyCastleMainScript.cpp(116,44): warning C4244:         [
D:\C++ Codes\Visual Studio\Engine\PO-Game-Engine\PO Game Engine\HoleyCastleMainScript.cpp(116,44): warning C4244:             _Ty=float
D:\C++ Codes\Visual Studio\Engine\PO-Game-Engine\PO Game Engine\HoleyCastleMainScript.cpp(116,44): warning C4244:         ]
D:\C++ Codes\Visual Studio\Engine\PO-Game-Engine\PO Game Engine\HoleyCastleMainScript.cpp(140,46): warning C4244: '-=': conversion from '_Ty' to 'int', possible loss of data
D:\C++ Codes\Visual Studio\Engine\PO-Game-Engine\PO Game Engine\HoleyCastleMainScript.cpp(140,46): warning C4244:         with
D:\C++ Codes\Visual Studio\Engine\PO-Game-Engine\PO Game Engine\HoleyCastleMainScript.cpp(140,46): warning C4244:         [
D:\C++ Codes\Visual Studio\Engine\PO-Game-Engine\PO Game Engine\HoleyCastleMainScript.cpp(140,46): warning C4244:             _Ty=float
D:\C++ Codes\Visual Studio\Engine\PO-Game-Engine\PO Game Engine\HoleyCastleMainScript.cpp(140,46): warning C4244:         ]
D:\C++ Codes\Visual Studio\Engine\PO-Game-Engine\PO Game Engine\HoleyCastleMainScript.cpp(162,24): warning C4244: 'argument': conversion from 'const int' to 'float', possible loss of data
D:\C++ Codes\Visual Studio\Engine\PO-Game-Engine\PO Game Engine\HoleyCastleMainScript.cpp(164,24): warning C4244: 'argument': conversion from 'const int' to 'float', possible loss of data
D:\C++ Codes\Visual Studio\Engine\PO-Game-Engine\PO Game Engine\HoleyCastleMainScript.cpp(166,24): warning C4244: 'argument': conversion from 'const int' to 'float', possible loss of data
D:\C++ Codes\Visual Studio\Engine\PO-Game-Engine\PO Game Engine\HoleyCastleMainScript.cpp(168,24): warning C4244: 'argument': conversion from 'const int' to 'float', possible loss of data
D:\C++ Codes\Visual Studio\Engine\PO-Game-Engine\PO Game Engine\HoleyCastleMainScript.cpp(170,43): warning C4244: 'argument': conversion from 'unsigned __int64' to 'float', possible loss of data
D:\C++ Codes\Visual Studio\Engine\PO-Game-Engine\PO Game Engine\HoleyCastleMainScript.cpp(176,41): warning C4244: 'argument': conversion from 'unsigned __int64' to 'float', possible loss of data
D:\C++ Codes\Visual Studio\Engine\PO-Game-Engine\PO Game Engine\HoleyCastleMainScript.cpp(182,24): warning C4244: 'argument': conversion from 'const int' to 'float', possible loss of data
D:\C++ Codes\Visual Studio\Engine\PO-Game-Engine\PO Game Engine\HoleyCastleMainScript.cpp(206,76): warning C4267: '=': conversion from 'size_t' to 'int', possible loss of data
D:\C++ Codes\Visual Studio\Engine\PO-Game-Engine\PO Game Engine\HoleyCastleMainScript.cpp(220,76): warning C4267: '=': conversion from 'size_t' to 'int', possible loss of data
D:\C++ Codes\Visual Studio\Engine\PO-Game-Engine\PO Game Engine\HoleyCastleMainScript.cpp(233,76): warning C4267: '=': conversion from 'size_t' to 'int', possible loss of data
  InputField.cpp
D:\C++ Codes\Visual Studio\Engine\PO-Game-Engine\PO Game Engine\InputField.cpp(116,39): warning C4267: '=': conversion from 'size_t' to 'int', possible loss of data
D:\C++ Codes\Visual Studio\Engine\PO-Game-Engine\PO Game Engine\InputField.cpp(139,39): warning C4267: '=': conversion from 'size_t' to 'int', possible loss of data
D:\C++ Codes\Visual Studio\Engine\PO-Game-Engine\PO Game Engine\InputField.cpp(147,19): warning C4244: 'initializing': conversion from 'T' to 'int', possible loss of data
D:\C++ Codes\Visual Studio\Engine\PO-Game-Engine\PO Game Engine\InputField.cpp(147,19): warning C4244:         with
D:\C++ Codes\Visual Studio\Engine\PO-Game-Engine\PO Game Engine\InputField.cpp(147,19): warning C4244:         [
D:\C++ Codes\Visual Studio\Engine\PO-Game-Engine\PO Game Engine\InputField.cpp(147,19): warning C4244:             T=float
D:\C++ Codes\Visual Studio\Engine\PO-Game-Engine\PO Game Engine\InputField.cpp(147,19): warning C4244:         ]
D:\C++ Codes\Visual Studio\Engine\PO-Game-Engine\PO Game Engine\InputField.cpp(151,39): warning C4267: '=': conversion from 'size_t' to 'int', possible loss of data
D:\C++ Codes\Visual Studio\Engine\PO-Game-Engine\PO Game Engine\InputField.cpp(159,27): warning C4267: '=': conversion from 'size_t' to 'int', possible loss of data
D:\C++ Codes\Visual Studio\Engine\PO-Game-Engine\PO Game Engine\InputField.cpp(182,27): warning C4267: '=': conversion from 'size_t' to 'int', possible loss of data
D:\C++ Codes\Visual Studio\Engine\PO-Game-Engine\PO Game Engine\InputField.cpp(208,119): warning C4244: 'argument': conversion from 'T' to 'T', possible loss of data
D:\C++ Codes\Visual Studio\Engine\PO-Game-Engine\PO Game Engine\InputField.cpp(208,119): warning C4244:         with
D:\C++ Codes\Visual Studio\Engine\PO-Game-Engine\PO Game Engine\InputField.cpp(208,119): warning C4244:         [
D:\C++ Codes\Visual Studio\Engine\PO-Game-Engine\PO Game Engine\InputField.cpp(208,119): warning C4244:             T=int
D:\C++ Codes\Visual Studio\Engine\PO-Game-Engine\PO Game Engine\InputField.cpp(208,119): warning C4244:         ]
D:\C++ Codes\Visual Studio\Engine\PO-Game-Engine\PO Game Engine\InputField.cpp(208,119): warning C4244:         and
D:\C++ Codes\Visual Studio\Engine\PO-Game-Engine\PO Game Engine\InputField.cpp(208,119): warning C4244:         [
D:\C++ Codes\Visual Studio\Engine\PO-Game-Engine\PO Game Engine\InputField.cpp(208,119): warning C4244:             T=float
D:\C++ Codes\Visual Studio\Engine\PO-Game-Engine\PO Game Engine\InputField.cpp(208,119): warning C4244:         ]
D:\C++ Codes\Visual Studio\Engine\PO-Game-Engine\PO Game Engine\InputField.cpp(208,77): warning C4244: 'argument': conversion from 'T' to 'T', possible loss of data
D:\C++ Codes\Visual Studio\Engine\PO-Game-Engine\PO Game Engine\InputField.cpp(208,77): warning C4244:         with
D:\C++ Codes\Visual Studio\Engine\PO-Game-Engine\PO Game Engine\InputField.cpp(208,77): warning C4244:         [
D:\C++ Codes\Visual Studio\Engine\PO-Game-Engine\PO Game Engine\InputField.cpp(208,77): warning C4244:             T=int
D:\C++ Codes\Visual Studio\Engine\PO-Game-Engine\PO Game Engine\InputField.cpp(208,77): warning C4244:         ]
D:\C++ Codes\Visual Studio\Engine\PO-Game-Engine\PO Game Engine\InputField.cpp(208,77): warning C4244:         and
D:\C++ Codes\Visual Studio\Engine\PO-Game-Engine\PO Game Engine\InputField.cpp(208,77): warning C4244:         [
D:\C++ Codes\Visual Studio\Engine\PO-Game-Engine\PO Game Engine\InputField.cpp(208,77): warning C4244:             T=float
D:\C++ Codes\Visual Studio\Engine\PO-Game-Engine\PO Game Engine\InputField.cpp(208,77): warning C4244:         ]
  KeyboardMoveScript.cpp
  PO Game Engine.cpp
D:\C++ Codes\Visual Studio\Engine\PO-Game-Engine\PO Game Engine\PO Game Engine.cpp(93,126): warning C4244: 'argument': conversion from 'T' to 'T', possible loss of data
D:\C++ Codes\Visual Studio\Engine\PO-Game-Engine\PO Game Engine\PO Game Engine.cpp(93,126): warning C4244:         with
D:\C++ Codes\Visual Studio\Engine\PO-Game-Engine\PO Game Engine\PO Game Engine.cpp(93,126): warning C4244:         [
D:\C++ Codes\Visual Studio\Engine\PO-Game-Engine\PO Game Engine\PO Game Engine.cpp(93,126): warning C4244:             T=unsigned int
D:\C++ Codes\Visual Studio\Engine\PO-Game-Engine\PO Game Engine\PO Game Engine.cpp(93,126): warning C4244:         ]
D:\C++ Codes\Visual Studio\Engine\PO-Game-Engine\PO Game Engine\PO Game Engine.cpp(93,126): warning C4244:         and
D:\C++ Codes\Visual Studio\Engine\PO-Game-Engine\PO Game Engine\PO Game Engine.cpp(93,126): warning C4244:         [
D:\C++ Codes\Visual Studio\Engine\PO-Game-Engine\PO Game Engine\PO Game Engine.cpp(93,126): warning C4244:             T=float
D:\C++ Codes\Visual Studio\Engine\PO-Game-Engine\PO Game Engine\PO Game Engine.cpp(93,126): warning C4244:         ]
D:\C++ Codes\Visual Studio\Engine\PO-Game-Engine\PO Game Engine\PO Game Engine.cpp(93,106): warning C4244: 'argument': conversion from 'T' to 'T', possible loss of data
D:\C++ Codes\Visual Studio\Engine\PO-Game-Engine\PO Game Engine\PO Game Engine.cpp(93,106): warning C4244:         with
D:\C++ Codes\Visual Studio\Engine\PO-Game-Engine\PO Game Engine\PO Game Engine.cpp(93,106): warning C4244:         [
D:\C++ Codes\Visual Studio\Engine\PO-Game-Engine\PO Game Engine\PO Game Engine.cpp(93,106): warning C4244:             T=unsigned int
D:\C++ Codes\Visual Studio\Engine\PO-Game-Engine\PO Game Engine\PO Game Engine.cpp(93,106): warning C4244:         ]
D:\C++ Codes\Visual Studio\Engine\PO-Game-Engine\PO Game Engine\PO Game Engine.cpp(93,106): warning C4244:         and
D:\C++ Codes\Visual Studio\Engine\PO-Game-Engine\PO Game Engine\PO Game Engine.cpp(93,106): warning C4244:         [
D:\C++ Codes\Visual Studio\Engine\PO-Game-Engine\PO Game Engine\PO Game Engine.cpp(93,106): warning C4244:             T=float
D:\C++ Codes\Visual Studio\Engine\PO-Game-Engine\PO Game Engine\PO Game Engine.cpp(93,106): warning C4244:         ]
D:\C++ Codes\Visual Studio\Engine\PO-Game-Engine\PO Game Engine\PO Game Engine.cpp(93,75): warning C4244: 'argument': conversion from 'T' to 'T', possible loss of data
D:\C++ Codes\Visual Studio\Engine\PO-Game-Engine\PO Game Engine\PO Game Engine.cpp(93,75): warning C4244:         with
D:\C++ Codes\Visual Studio\Engine\PO-Game-Engine\PO Game Engine\PO Game Engine.cpp(93,75): warning C4244:         [
D:\C++ Codes\Visual Studio\Engine\PO-Game-Engine\PO Game Engine\PO Game Engine.cpp(93,75): warning C4244:             T=unsigned int
D:\C++ Codes\Visual Studio\Engine\PO-Game-Engine\PO Game Engine\PO Game Engine.cpp(93,75): warning C4244:         ]
D:\C++ Codes\Visual Studio\Engine\PO-Game-Engine\PO Game Engine\PO Game Engine.cpp(93,75): warning C4244:         and
D:\C++ Codes\Visual Studio\Engine\PO-Game-Engine\PO Game Engine\PO Game Engine.cpp(93,75): warning C4244:         [
D:\C++ Codes\Visual Studio\Engine\PO-Game-Engine\PO Game Engine\PO Game Engine.cpp(93,75): warning C4244:             T=float
D:\C++ Codes\Visual Studio\Engine\PO-Game-Engine\PO Game Engine\PO Game Engine.cpp(93,75): warning C4244:         ]
D:\C++ Codes\Visual Studio\Engine\PO-Game-Engine\PO Game Engine\PO Game Engine.cpp(93,51): warning C4244: 'argument': conversion from 'T' to 'T', possible loss of data
D:\C++ Codes\Visual Studio\Engine\PO-Game-Engine\PO Game Engine\PO Game Engine.cpp(93,51): warning C4244:         with
D:\C++ Codes\Visual Studio\Engine\PO-Game-Engine\PO Game Engine\PO Game Engine.cpp(93,51): warning C4244:         [
D:\C++ Codes\Visual Studio\Engine\PO-Game-Engine\PO Game Engine\PO Game Engine.cpp(93,51): warning C4244:             T=unsigned int
D:\C++ Codes\Visual Studio\Engine\PO-Game-Engine\PO Game Engine\PO Game Engine.cpp(93,51): warning C4244:         ]
D:\C++ Codes\Visual Studio\Engine\PO-Game-Engine\PO Game Engine\PO Game Engine.cpp(93,51): warning C4244:         and
D:\C++ Codes\Visual Studio\Engine\PO-Game-Engine\PO Game Engine\PO Game Engine.cpp(93,51): warning C4244:         [
D:\C++ Codes\Visual Studio\Engine\PO-Game-Engine\PO Game Engine\PO Game Engine.cpp(93,51): warning C4244:             T=float
D:\C++ Codes\Visual Studio\Engine\PO-Game-Engine\PO Game Engine\PO Game Engine.cpp(93,51): warning C4244:         ]
D:\C++ Codes\Visual Studio\Engine\PO-Game-Engine\PO Game Engine\PO Game Engine.cpp(99,93): warning C4244: 'argument': conversion from 'T' to 'T', possible loss of data
D:\C++ Codes\Visual Studio\Engine\PO-Game-Engine\PO Game Engine\PO Game Engine.cpp(99,93): warning C4244:         with
D:\C++ Codes\Visual Studio\Engine\PO-Game-Engine\PO Game Engine\PO Game Engine.cpp(99,93): warning C4244:         [
D:\C++ Codes\Visual Studio\Engine\PO-Game-Engine\PO Game Engine\PO Game Engine.cpp(99,93): warning C4244:             T=unsigned int
D:\C++ Codes\Visual Studio\Engine\PO-Game-Engine\PO Game Engine\PO Game Engine.cpp(99,93): warning C4244:         ]
D:\C++ Codes\Visual Studio\Engine\PO-Game-Engine\PO Game Engine\PO Game Engine.cpp(99,93): warning C4244:         and
D:\C++ Codes\Visual Studio\Engine\PO-Game-Engine\PO Game Engine\PO Game Engine.cpp(99,93): warning C4244:         [
D:\C++ Codes\Visual Studio\Engine\PO-Game-Engine\PO Game Engine\PO Game Engine.cpp(99,93): warning C4244:             T=float
D:\C++ Codes\Visual Studio\Engine\PO-Game-Engine\PO Game Engine\PO Game Engine.cpp(99,93): warning C4244:         ]
D:\C++ Codes\Visual Studio\Engine\PO-Game-Engine\PO Game Engine\PO Game Engine.cpp(100,116): warning C4244: 'argument': conversion from 'T' to 'T', possible loss of data
D:\C++ Codes\Visual Studio\Engine\PO-Game-Engine\PO Game Engine\PO Game Engine.cpp(100,116): warning C4244:         with
D:\C++ Codes\Visual Studio\Engine\PO-Game-Engine\PO Game Engine\PO Game Engine.cpp(100,116): warning C4244:         [
D:\C++ Codes\Visual Studio\Engine\PO-Game-Engine\PO Game Engine\PO Game Engine.cpp(100,116): warning C4244:             T=unsigned int
D:\C++ Codes\Visual Studio\Engine\PO-Game-Engine\PO Game Engine\PO Game Engine.cpp(100,116): warning C4244:         ]
D:\C++ Codes\Visual Studio\Engine\PO-Game-Engine\PO Game Engine\PO Game Engine.cpp(100,116): warning C4244:         and
D:\C++ Codes\Visual Studio\Engine\PO-Game-Engine\PO Game Engine\PO Game Engine.cpp(100,116): warning C4244:         [
D:\C++ Codes\Visual Studio\Engine\PO-Game-Engine\PO Game Engine\PO Game Engine.cpp(100,116): warning C4244:             T=float
D:\C++ Codes\Visual Studio\Engine\PO-Game-Engine\PO Game Engine\PO Game Engine.cpp(100,116): warning C4244:         ]
D:\C++ Codes\Visual Studio\Engine\PO-Game-Engine\PO Game Engine\PO Game Engine.cpp(100,75): warning C4244: 'argument': conversion from 'T' to 'T', possible loss of data
D:\C++ Codes\Visual Studio\Engine\PO-Game-Engine\PO Game Engine\PO Game Engine.cpp(100,75): warning C4244:         with
D:\C++ Codes\Visual Studio\Engine\PO-Game-Engine\PO Game Engine\PO Game Engine.cpp(100,75): warning C4244:         [
D:\C++ Codes\Visual Studio\Engine\PO-Game-Engine\PO Game Engine\PO Game Engine.cpp(100,75): warning C4244:             T=unsigned int
D:\C++ Codes\Visual Studio\Engine\PO-Game-Engine\PO Game Engine\PO Game Engine.cpp(100,75): warning C4244:         ]
D:\C++ Codes\Visual Studio\Engine\PO-Game-Engine\PO Game Engine\PO Game Engine.cpp(100,75): warning C4244:         and
D:\C++ Codes\Visual Studio\Engine\PO-Game-Engine\PO Game Engine\PO Game Engine.cpp(100,75): warning C4244:         [
D:\C++ Codes\Visual Studio\Engine\PO-Game-Engine\PO Game Engine\PO Game Engine.cpp(100,75): warning C4244:             T=float
D:\C++ Codes\Visual Studio\Engine\PO-Game-Engine\PO Game Engine\PO Game Engine.cpp(100,75): warning C4244:         ]
D:\C++ Codes\Visual Studio\Engine\PO-Game-Engine\PO Game Engine\PO Game Engine.cpp(102,116): warning C4244: 'argument': conversion from 'T' to 'T', possible loss of data
D:\C++ Codes\Visual Studio\Engine\PO-Game-Engine\PO Game Engine\PO Game Engine.cpp(102,116): warning C4244:         with
D:\C++ Codes\Visual Studio\Engine\PO-Game-Engine\PO Game Engine\PO Game Engine.cpp(102,116): warning C4244:         [
D:\C++ Codes\Visual Studio\Engine\PO-Game-Engine\PO Game Engine\PO Game Engine.cpp(102,116): warning C4244:             T=unsigned int
D:\C++ Codes\Visual Studio\Engine\PO-Game-Engine\PO Game Engine\PO Game Engine.cpp(102,116): warning C4244:         ]
D:\C++ Codes\Visual Studio\Engine\PO-Game-Engine\PO Game Engine\PO Game Engine.cpp(102,116): warning C4244:         and
D:\C++ Codes\Visual Studio\Engine\PO-Game-Engine\PO Game Engine\PO Game Engine.cpp(102,116): warning C4244:         [
D:\C++ Codes\Visual Studio\Engine\PO-Game-Engine\PO Game Engine\PO Game Engine.cpp(102,116): warning C4244:             T=float
D:\C++ Codes\Visual Studio\Engine\PO-Game-Engine\PO Game Engine\PO Game Engine.cpp(102,116): warning C4244:         ]
D:\C++ Codes\Visual Studio\Engine\PO-Game-Engine\PO Game Engine\PO Game Engine.cpp(102,80): warning C4244: 'argument': conversion from 'T' to 'T', possible loss of data
D:\C++ Codes\Visual Studio\Engine\PO-Game-Engine\PO Game Engine\PO Game Engine.cpp(102,80): warning C4244:         with
D:\C++ Codes\Visual Studio\Engine\PO-Game-Engine\PO Game Engine\PO Game Engine.cpp(102,80): warning C4244:         [
D:\C++ Codes\Visual Studio\Engine\PO-Game-Engine\PO Game Engine\PO Game Engine.cpp(102,80): warning C4244:             T=unsigned int
D:\C++ Codes\Visual Studio\Engine\PO-Game-Engine\PO Game Engine\PO Game Engine.cpp(102,80): warning C4244:         ]
D:\C++ Codes\Visual Studio\Engine\PO-Game-Engine\PO Game Engine\PO Game Engine.cpp(102,80): warning C4244:         and
D:\C++ Codes\Visual Studio\Engine\PO-Game-Engine\PO Game Engine\PO Game Engine.cpp(102,80): warning C4244:         [
D:\C++ Codes\Visual Studio\Engine\PO-Game-Engine\PO Game Engine\PO Game Engine.cpp(102,80): warning C4244:             T=float
D:\C++ Codes\Visual Studio\Engine\PO-Game-Engine\PO Game Engine\PO Game Engine.cpp(102,80): warning C4244:         ]
D:\C++ Codes\Visual Studio\Engine\PO-Game-Engine\PO Game Engine\PO Game Engine.cpp(103,87): warning C4244: 'argument': conversion from 'T' to 'T', possible loss of data
D:\C++ Codes\Visual Studio\Engine\PO-Game-Engine\PO Game Engine\PO Game Engine.cpp(103,87): warning C4244:         with
D:\C++ Codes\Visual Studio\Engine\PO-Game-Engine\PO Game Engine\PO Game Engine.cpp(103,87): warning C4244:         [
D:\C++ Codes\Visual Studio\Engine\PO-Game-Engine\PO Game Engine\PO Game Engine.cpp(103,87): warning C4244:             T=unsigned int
D:\C++ Codes\Visual Studio\Engine\PO-Game-Engine\PO Game Engine\PO Game Engine.cpp(103,87): warning C4244:         ]
D:\C++ Codes\Visual Studio\Engine\PO-Game-Engine\PO Game Engine\PO Game Engine.cpp(103,87): warning C4244:         and
D:\C++ Codes\Visual Studio\Engine\PO-Game-Engine\PO Game Engine\PO Game Engine.cpp(103,87): warning C4244:         [
D:\C++ Codes\Visual Studio\Engine\PO-Game-Engine\PO Game Engine\PO Game Engine.cpp(103,87): warning C4244:             T=float
D:\C++ Codes\Visual Studio\Engine\PO-Game-Engine\PO Game Engine\PO Game Engine.cpp(103,87): warning C4244:         ]
D:\C++ Codes\Visual Studio\Engine\PO-Game-Engine\PO Game Engine\PO Game Engine.cpp(149,127): warning C4244: 'argument': conversion from 'T' to 'T', possible loss of data
D:\C++ Codes\Visual Studio\Engine\PO-Game-Engine\PO Game Engine\PO Game Engine.cpp(149,127): warning C4244:         with
D:\C++ Codes\Visual Studio\Engine\PO-Game-Engine\PO Game Engine\PO Game Engine.cpp(149,127): warning C4244:         [
D:\C++ Codes\Visual Studio\Engine\PO-Game-Engine\PO Game Engine\PO Game Engine.cpp(149,127): warning C4244:             T=unsigned int
D:\C++ Codes\Visual Studio\Engine\PO-Game-Engine\PO Game Engine\PO Game Engine.cpp(149,127): warning C4244:         ]
D:\C++ Codes\Visual Studio\Engine\PO-Game-Engine\PO Game Engine\PO Game Engine.cpp(149,127): warning C4244:         and
D:\C++ Codes\Visual Studio\Engine\PO-Game-Engine\PO Game Engine\PO Game Engine.cpp(149,127): warning C4244:         [
D:\C++ Codes\Visual Studio\Engine\PO-Game-Engine\PO Game Engine\PO Game Engine.cpp(149,127): warning C4244:             T=float
D:\C++ Codes\Visual Studio\Engine\PO-Game-Engine\PO Game Engine\PO Game Engine.cpp(149,127): warning C4244:         ]
D:\C++ Codes\Visual Studio\Engine\PO-Game-Engine\PO Game Engine\PO Game Engine.cpp(149,107): warning C4244: 'argument': conversion from 'T' to 'T', possible loss of data
D:\C++ Codes\Visual Studio\Engine\PO-Game-Engine\PO Game Engine\PO Game Engine.cpp(149,107): warning C4244:         with
D:\C++ Codes\Visual Studio\Engine\PO-Game-Engine\PO Game Engine\PO Game Engine.cpp(149,107): warning C4244:         [
D:\C++ Codes\Visual Studio\Engine\PO-Game-Engine\PO Game Engine\PO Game Engine.cpp(149,107): warning C4244:             T=unsigned int
D:\C++ Codes\Visual Studio\Engine\PO-Game-Engine\PO Game Engine\PO Game Engine.cpp(149,107): warning C4244:         ]
D:\C++ Codes\Visual Studio\Engine\PO-Game-Engine\PO Game Engine\PO Game Engine.cpp(149,107): warning C4244:         and
D:\C++ Codes\Visual Studio\Engine\PO-Game-Engine\PO Game Engine\PO Game Engine.cpp(149,107): warning C4244:         [
D:\C++ Codes\Visual Studio\Engine\PO-Game-Engine\PO Game Engine\PO Game Engine.cpp(149,107): warning C4244:             T=float
D:\C++ Codes\Visual Studio\Engine\PO-Game-Engine\PO Game Engine\PO Game Engine.cpp(149,107): warning C4244:         ]
D:\C++ Codes\Visual Studio\Engine\PO-Game-Engine\PO Game Engine\PO Game Engine.cpp(149,76): warning C4244: 'argument': conversion from 'T' to 'T', possible loss of data
D:\C++ Codes\Visual Studio\Engine\PO-Game-Engine\PO Game Engine\PO Game Engine.cpp(149,76): warning C4244:         with
D:\C++ Codes\Visual Studio\Engine\PO-Game-Engine\PO Game Engine\PO Game Engine.cpp(149,76): warning C4244:         [
D:\C++ Codes\Visual Studio\Engine\PO-Game-Engine\PO Game Engine\PO Game Engine.cpp(149,76): warning C4244:             T=unsigned int
D:\C++ Codes\Visual Studio\Engine\PO-Game-Engine\PO Game Engine\PO Game Engine.cpp(149,76): warning C4244:         ]
D:\C++ Codes\Visual Studio\Engine\PO-Game-Engine\PO Game Engine\PO Game Engine.cpp(149,76): warning C4244:         and
D:\C++ Codes\Visual Studio\Engine\PO-Game-Engine\PO Game Engine\PO Game Engine.cpp(149,76): warning C4244:         [
D:\C++ Codes\Visual Studio\Engine\PO-Game-Engine\PO Game Engine\PO Game Engine.cpp(149,76): warning C4244:             T=float
D:\C++ Codes\Visual Studio\Engine\PO-Game-Engine\PO Game Engine\PO Game Engine.cpp(149,76): warning C4244:         ]
D:\C++ Codes\Visual Studio\Engine\PO-Game-Engine\PO Game Engine\PO Game Engine.cpp(149,52): warning C4244: 'argument': conversion from 'T' to 'T', possible loss of data
D:\C++ Codes\Visual Studio\Engine\PO-Game-Engine\PO Game Engine\PO Game Engine.cpp(149,52): warning C4244:         with
D:\C++ Codes\Visual Studio\Engine\PO-Game-Engine\PO Game Engine\PO Game Engine.cpp(149,52): warning C4244:         [
D:\C++ Codes\Visual Studio\Engine\PO-Game-Engine\PO Game Engine\PO Game Engine.cpp(149,52): warning C4244:             T=unsigned int
D:\C++ Codes\Visual Studio\Engine\PO-Game-Engine\PO Game Engine\PO Game Engine.cpp(149,52): warning C4244:         ]
D:\C++ Codes\Visual Studio\Engine\PO-Game-Engine\PO Game Engine\PO Game Engine.cpp(149,52): warning C4244:         and
D:\C++ Codes\Visual Studio\Engine\PO-Game-Engine\PO Game Engine\PO Game Engine.cpp(149,52): warning C4244:         [
D:\C++ Codes\Visual Studio\Engine\PO-Game-Engine\PO Game Engine\PO Game Engine.cpp(149,52): warning C4244:             T=float
D:\C++ Codes\Visual Studio\Engine\PO-Game-Engine\PO Game Engine\PO Game Engine.cpp(149,52): warning C4244:         ]
D:\C++ Codes\Visual Studio\Engine\PO-Game-Engine\PO Game Engine\PO Game Engine.cpp(228,102): warning C4244: 'argument': conversion from 'T' to 'T', possible loss of data
D:\C++ Codes\Visual Studio\Engine\PO-Game-Engine\PO Game Engine\PO Game Engine.cpp(228,102): warning C4244:         with
D:\C++ Codes\Visual Studio\Engine\PO-Game-Engine\PO Game Engine\PO Game Engine.cpp(228,102): warning C4244:         [
D:\C++ Codes\Visual Studio\Engine\PO-Game-Engine\PO Game Engine\PO Game Engine.cpp(228,102): warning C4244:             T=int
D:\C++ Codes\Visual Studio\Engine\PO-Game-Engine\PO Game Engine\PO Game Engine.cpp(228,102): warning C4244:         ]
D:\C++ Codes\Visual Studio\Engine\PO-Game-Engine\PO Game Engine\PO Game Engine.cpp(228,102): warning C4244:         and
D:\C++ Codes\Visual Studio\Engine\PO-Game-Engine\PO Game Engine\PO Game Engine.cpp(228,102): warning C4244:         [
D:\C++ Codes\Visual Studio\Engine\PO-Game-Engine\PO Game Engine\PO Game Engine.cpp(228,102): warning C4244:             T=float
D:\C++ Codes\Visual Studio\Engine\PO-Game-Engine\PO Game Engine\PO Game Engine.cpp(228,102): warning C4244:         ]
D:\C++ Codes\Visual Studio\Engine\PO-Game-Engine\PO Game Engine\PO Game Engine.cpp(228,72): warning C4244: 'argument': conversion from 'T' to 'T', possible loss of data
D:\C++ Codes\Visual Studio\Engine\PO-Game-Engine\PO Game Engine\PO Game Engine.cpp(228,72): warning C4244:         with
D:\C++ Codes\Visual Studio\Engine\PO-Game-Engine\PO Game Engine\PO Game Engine.cpp(228,72): warning C4244:         [
D:\C++ Codes\Visual Studio\Engine\PO-Game-Engine\PO Game Engine\PO Game Engine.cpp(228,72): warning C4244:             T=int
D:\C++ Codes\Visual Studio\Engine\PO-Game-Engine\PO Game Engine\PO Game Engine.cpp(228,72): warning C4244:         ]
D:\C++ Codes\Visual Studio\Engine\PO-Game-Engine\PO Game Engine\PO Game Engine.cpp(228,72): warning C4244:         and
D:\C++ Codes\Visual Studio\Engine\PO-Game-Engine\PO Game Engine\PO Game Engine.cpp(228,72): warning C4244:         [
D:\C++ Codes\Visual Studio\Engine\PO-Game-Engine\PO Game Engine\PO Game Engine.cpp(228,72): warning C4244:             T=float
D:\C++ Codes\Visual Studio\Engine\PO-Game-Engine\PO Game Engine\PO Game Engine.cpp(228,72): warning C4244:         ]
D:\C++ Codes\Visual Studio\Engine\PO-Game-Engine\PO Game Engine\PO Game Engine.cpp(229,81): warning C4244: 'argument': conversion from 'T' to 'T', possible loss of data
D:\C++ Codes\Visual Studio\Engine\PO-Game-Engine\PO Game Engine\PO Game Engine.cpp(229,81): warning C4244:         with
D:\C++ Codes\Visual Studio\Engine\PO-Game-Engine\PO Game Engine\PO Game Engine.cpp(229,81): warning C4244:         [
D:\C++ Codes\Visual Studio\Engine\PO-Game-Engine\PO Game Engine\PO Game Engine.cpp(229,81): warning C4244:             T=float
D:\C++ Codes\Visual Studio\Engine\PO-Game-Engine\PO Game Engine\PO Game Engine.cpp(229,81): warning C4244:         ]
D:\C++ Codes\Visual Studio\Engine\PO-Game-Engine\PO Game Engine\PO Game Engine.cpp(229,81): warning C4244:         and
D:\C++ Codes\Visual Studio\Engine\PO-Game-Engine\PO Game Engine\PO Game Engine.cpp(229,81): warning C4244:         [
D:\C++ Codes\Visual Studio\Engine\PO-Game-Engine\PO Game Engine\PO Game Engine.cpp(229,81): warning C4244:             T=int
D:\C++ Codes\Visual Studio\Engine\PO-Game-Engine\PO Game Engine\PO Game Engine.cpp(229,81): warning C4244:         ]
D:\C++ Codes\Visual Studio\Engine\PO-Game-Engine\PO Game Engine\PO Game Engine.cpp(229,69): warning C4244: 'argument': conversion from 'T' to 'T', possible loss of data
D:\C++ Codes\Visual Studio\Engine\PO-Game-Engine\PO Game Engine\PO Game Engine.cpp(229,69): warning C4244:         with
D:\C++ Codes\Visual Studio\Engine\PO-Game-Engine\PO Game Engine\PO Game Engine.cpp(229,69): warning C4244:         [
D:\C++ Codes\Visual Studio\Engine\PO-Game-Engine\PO Game Engine\PO Game Engine.cpp(229,69): warning C4244:             T=float
D:\C++ Codes\Visual Studio\Engine\PO-Game-Engine\PO Game Engine\PO Game Engine.cpp(229,69): warning C4244:         ]
D:\C++ Codes\Visual Studio\Engine\PO-Game-Engine\PO Game Engine\PO Game Engine.cpp(229,69): warning C4244:         and
D:\C++ Codes\Visual Studio\Engine\PO-Game-Engine\PO Game Engine\PO Game Engine.cpp(229,69): warning C4244:         [
D:\C++ Codes\Visual Studio\Engine\PO-Game-Engine\PO Game Engine\PO Game Engine.cpp(229,69): warning C4244:             T=int
D:\C++ Codes\Visual Studio\Engine\PO-Game-Engine\PO Game Engine\PO Game Engine.cpp(229,69): warning C4244:         ]
D:\C++ Codes\Visual Studio\Engine\PO-Game-Engine\PO Game Engine\PO Game Engine.cpp(231,102): warning C4244: 'argument': conversion from 'T' to 'T', possible loss of data
D:\C++ Codes\Visual Studio\Engine\PO-Game-Engine\PO Game Engine\PO Game Engine.cpp(231,102): warning C4244:         with
D:\C++ Codes\Visual Studio\Engine\PO-Game-Engine\PO Game Engine\PO Game Engine.cpp(231,102): warning C4244:         [
D:\C++ Codes\Visual Studio\Engine\PO-Game-Engine\PO Game Engine\PO Game Engine.cpp(231,102): warning C4244:             T=float
D:\C++ Codes\Visual Studio\Engine\PO-Game-Engine\PO Game Engine\PO Game Engine.cpp(231,102): warning C4244:         ]
D:\C++ Codes\Visual Studio\Engine\PO-Game-Engine\PO Game Engine\PO Game Engine.cpp(231,102): warning C4244:         and
D:\C++ Codes\Visual Studio\Engine\PO-Game-Engine\PO Game Engine\PO Game Engine.cpp(231,102): warning C4244:         [
D:\C++ Codes\Visual Studio\Engine\PO-Game-Engine\PO Game Engine\PO Game Engine.cpp(231,102): warning C4244:             T=int
D:\C++ Codes\Visual Studio\Engine\PO-Game-Engine\PO Game Engine\PO Game Engine.cpp(231,102): warning C4244:         ]
D:\C++ Codes\Visual Studio\Engine\PO-Game-Engine\PO Game Engine\PO Game Engine.cpp(231,83): warning C4244: 'argument': conversion from 'T' to 'T', possible loss of data
D:\C++ Codes\Visual Studio\Engine\PO-Game-Engine\PO Game Engine\PO Game Engine.cpp(231,83): warning C4244:         with
D:\C++ Codes\Visual Studio\Engine\PO-Game-Engine\PO Game Engine\PO Game Engine.cpp(231,83): warning C4244:         [
D:\C++ Codes\Visual Studio\Engine\PO-Game-Engine\PO Game Engine\PO Game Engine.cpp(231,83): warning C4244:             T=float
D:\C++ Codes\Visual Studio\Engine\PO-Game-Engine\PO Game Engine\PO Game Engine.cpp(231,83): warning C4244:         ]
D:\C++ Codes\Visual Studio\Engine\PO-Game-Engine\PO Game Engine\PO Game Engine.cpp(231,83): warning C4244:         and
D:\C++ Codes\Visual Studio\Engine\PO-Game-Engine\PO Game Engine\PO Game Engine.cpp(231,83): warning C4244:         [
D:\C++ Codes\Visual Studio\Engine\PO-Game-Engine\PO Game Engine\PO Game Engine.cpp(231,83): warning C4244:             T=int
D:\C++ Codes\Visual Studio\Engine\PO-Game-Engine\PO Game Engine\PO Game Engine.cpp(231,83): warning C4244:         ]
D:\C++ Codes\Visual Studio\Engine\PO-Game-Engine\PO Game Engine\PO Game Engine.cpp(234,93): warning C4244: 'argument': conversion from 'T' to 'T', possible loss of data
D:\C++ Codes\Visual Studio\Engine\PO-Game-Engine\PO Game Engine\PO Game Engine.cpp(234,93): warning C4244:         with
D:\C++ Codes\Visual Studio\Engine\PO-Game-Engine\PO Game Engine\PO Game Engine.cpp(234,93): warning C4244:         [
D:\C++ Codes\Visual Studio\Engine\PO-Game-Engine\PO Game Engine\PO Game Engine.cpp(234,93): warning C4244:             T=int
D:\C++ Codes\Visual Studio\Engine\PO-Game-Engine\PO Game Engine\PO Game Engine.cpp(234,93): warning C4244:         ]
D:\C++ Codes\Visual Studio\Engine\PO-Game-Engine\PO Game Engine\PO Game Engine.cpp(234,93): warning C4244:         and
D:\C++ Codes\Visual Studio\Engine\PO-Game-Engine\PO Game Engine\PO Game Engine.cpp(234,93): warning C4244:         [
D:\C++ Codes\Visual Studio\Engine\PO-Game-Engine\PO Game Engine\PO Game Engine.cpp(234,93): warning C4244:             T=float
D:\C++ Codes\Visual Studio\Engine\PO-Game-Engine\PO Game Engine\PO Game Engine.cpp(234,93): warning C4244:         ]
D:\C++ Codes\Visual Studio\Engine\PO-Game-Engine\PO Game Engine\PO Game Engine.cpp(234,63): warning C4244: 'argument': conversion from 'T' to 'T', possible loss of data
D:\C++ Codes\Visual Studio\Engine\PO-Game-Engine\PO Game Engine\PO Game Engine.cpp(234,63): warning C4244:         with
D:\C++ Codes\Visual Studio\Engine\PO-Game-Engine\PO Game Engine\PO Game Engine.cpp(234,63): warning C4244:         [
D:\C++ Codes\Visual Studio\Engine\PO-Game-Engine\PO Game Engine\PO Game Engine.cpp(234,63): warning C4244:             T=int
D:\C++ Codes\Visual Studio\Engine\PO-Game-Engine\PO Game Engine\PO Game Engine.cpp(234,63): warning C4244:         ]
D:\C++ Codes\Visual Studio\Engine\PO-Game-Engine\PO Game Engine\PO Game Engine.cpp(234,63): warning C4244:         and
D:\C++ Codes\Visual Studio\Engine\PO-Game-Engine\PO Game Engine\PO Game Engine.cpp(234,63): warning C4244:         [
D:\C++ Codes\Visual Studio\Engine\PO-Game-Engine\PO Game Engine\PO Game Engine.cpp(234,63): warning C4244:             T=float
D:\C++ Codes\Visual Studio\Engine\PO-Game-Engine\PO Game Engine\PO Game Engine.cpp(234,63): warning C4244:         ]
  SpawnerScript.cpp
D:\C++ Codes\Visual Studio\Engine\PO-Game-Engine\PO Game Engine\SpawnerScript.cpp(43,14): warning C4244: 'initializing': conversion from 'T' to 'int', possible loss of data
D:\C++ Codes\Visual Studio\Engine\PO-Game-Engine\PO Game Engine\SpawnerScript.cpp(43,14): warning C4244:         with
D:\C++ Codes\Visual Studio\Engine\PO-Game-Engine\PO Game Engine\SpawnerScript.cpp(43,14): warning C4244:         [
D:\C++ Codes\Visual Studio\Engine\PO-Game-Engine\PO Game Engine\SpawnerScript.cpp(43,14): warning C4244:             T=float
D:\C++ Codes\Visual Studio\Engine\PO-Game-Engine\PO Game Engine\SpawnerScript.cpp(43,14): warning C4244:         ]
D:\C++ Codes\Visual Studio\Engine\PO-Game-Engine\PO Game Engine\SpawnerScript.cpp(44,14): warning C4244: 'initializing': conversion from 'T' to 'int', possible loss of data
D:\C++ Codes\Visual Studio\Engine\PO-Game-Engine\PO Game Engine\SpawnerScript.cpp(44,14): warning C4244:         with
D:\C++ Codes\Visual Studio\Engine\PO-Game-Engine\PO Game Engine\SpawnerScript.cpp(44,14): warning C4244:         [
D:\C++ Codes\Visual Studio\Engine\PO-Game-Engine\PO Game Engine\SpawnerScript.cpp(44,14): warning C4244:             T=float
D:\C++ Codes\Visual Studio\Engine\PO-Game-Engine\PO Game Engine\SpawnerScript.cpp(44,14): warning C4244:         ]
D:\C++ Codes\Visual Studio\Engine\PO-Game-Engine\PO Game Engine\SpawnerScript.cpp(87,39): warning C4244: 'argument': conversion from 'unsigned __int64' to 'float', possible loss of data
D:\C++ Codes\Visual Studio\Engine\PO-Game-Engine\PO Game Engine\SpawnerScript.cpp(99,40): warning C4244: 'argument': conversion from 'const _Ty' to 'float', possible loss of data
D:\C++ Codes\Visual Studio\Engine\PO-Game-Engine\PO Game Engine\SpawnerScript.cpp(99,40): warning C4244:         with
D:\C++ Codes\Visual Studio\Engine\PO-Game-Engine\PO Game Engine\SpawnerScript.cpp(99,40): warning C4244:         [
D:\C++ Codes\Visual Studio\Engine\PO-Game-Engine\PO Game Engine\SpawnerScript.cpp(99,40): warning C4244:             _Ty=int
D:\C++ Codes\Visual Studio\Engine\PO-Game-Engine\PO Game Engine\SpawnerScript.cpp(99,40): warning C4244:         ]
D:\C++ Codes\Visual Studio\Engine\PO-Game-Engine\PO Game Engine\SpawnerScript.cpp(135,14): warning C4267: 'initializing': conversion from 'size_t' to 'int', possible loss of data
D:\C++ Codes\Visual Studio\Engine\PO-Game-Engine\PO Game Engine\SpawnerScript.cpp(138,14): warning C4267: 'initializing': conversion from 'size_t' to 'int', possible loss of data
D:\C++ Codes\Visual Studio\Engine\PO-Game-Engine\PO Game Engine\SpawnerScript.cpp(141,42): warning C4267: '=': conversion from 'size_t' to 'int', possible loss of data
D:\C++ Codes\Visual Studio\Engine\PO-Game-Engine\PO Game Engine\SpawnerScript.cpp(249,41): warning C4267: '=': conversion from 'size_t' to 'int', possible loss of data
  Generating Code...
  PO Game Engine.vcxproj -> D:\C++ Codes\Visual Studio\Engine\PO-Game-Engine\x64\Debug\PO Game Engine.exe
